-------------------------------------------------------------------------------
Test set: Controlador.CPacientesTest
-------------------------------------------------------------------------------
Tests run: 1, Failures: 1, Errors: 0, Skipped: 0, Time elapsed: 1.361 s <<< FAILURE! - in Controlador.CPacientesTest
testInsertarPacientes  Time elapsed: 1.337 s  <<< FAILURE!
org.opentest4j.AssertionFailedError: Fallo el insertarPacientes
	at Controlador.CPacientesTest.testInsertarPacientes(CPacientesTest.java:134)

